[22:39:49] === Option-3 re-split start ===
[22:39:49] labeled images in manifest: 151560
[22:39:49] hashing: 151560 total, 0 cached, 151560 to do
[22:39:51] hashing: 2000/151560
[22:39:51] hashing: 4000/151560
[22:39:52] hashing: 6000/151560
[22:39:52] hashing: 8000/151560
[22:39:53] hashing: 10000/151560
[22:39:54] hashing: 12000/151560
[22:39:54] hashing: 14000/151560
[22:39:55] hashing: 16000/151560
[22:39:55] hashing: 18000/151560
[22:39:56] hashing: 20000/151560
[22:39:57] hashing: 22000/151560
[22:39:57] hashing: 24000/151560
[22:39:58] hashing: 26000/151560
[22:39:58] hashing: 28000/151560
[22:39:59] hashing: 30000/151560
[22:40:00] hashing: 32000/151560
[22:40:00] hashing: 34000/151560
[22:40:01] hashing: 36000/151560
[22:40:01] hashing: 38000/151560
[22:40:02] hashing: 40000/151560
[22:40:03] hashing: 42000/151560
[22:40:03] hashing: 44000/151560
[22:40:04] hashing: 46000/151560
[22:40:04] hashing: 48000/151560
[22:40:05] hashing: 50000/151560
[22:40:06] hashing: 52000/151560
[22:40:06] hashing: 54000/151560
[22:40:07] hashing: 56000/151560
[22:40:07] hashing: 58000/151560
[22:40:08] hashing: 60000/151560
[22:40:09] hashing: 62000/151560
[22:40:09] hashing: 64000/151560
[22:40:10] hashing: 66000/151560
[22:40:10] hashing: 68000/151560
[22:40:11] hashing: 70000/151560
[22:40:12] hashing: 72000/151560
[22:40:12] hashing: 74000/151560
[22:40:13] hashing: 76000/151560
[22:40:13] hashing: 78000/151560
[22:40:14] hashing: 80000/151560
[22:40:15] hashing: 82000/151560
[22:40:15] hashing: 84000/151560
[22:40:16] hashing: 86000/151560
[22:40:16] hashing: 88000/151560
[22:40:17] hashing: 90000/151560
[22:40:18] hashing: 92000/151560
[22:40:18] hashing: 94000/151560
[22:40:19] hashing: 96000/151560
[22:40:19] hashing: 98000/151560
[22:40:20] hashing: 100000/151560
[22:40:21] hashing: 102000/151560
[22:40:21] hashing: 104000/151560
[22:40:22] hashing: 106000/151560
[22:40:22] hashing: 108000/151560
[22:40:23] hashing: 110000/151560
[22:40:23] hashing: 112000/151560
[22:40:24] hashing: 114000/151560
[22:40:25] hashing: 116000/151560
[22:40:25] hashing: 118000/151560
[22:40:26] hashing: 120000/151560
[22:40:26] hashing: 122000/151560
[22:40:27] hashing: 124000/151560
[22:40:27] hashing: 126000/151560
[22:40:28] hashing: 128000/151560
[22:40:29] hashing: 130000/151560
[22:40:29] hashing: 132000/151560
[22:40:30] hashing: 134000/151560
[22:40:30] hashing: 136000/151560
[22:40:31] hashing: 138000/151560
[22:40:32] hashing: 140000/151560
[22:40:32] hashing: 142000/151560
[22:40:33] hashing: 144000/151560
[22:40:33] hashing: 146000/151560
[22:40:34] hashing: 148000/151560
[22:40:34] hashing: 150000/151560
[22:40:35] hashing: complete (151560 new)
[22:40:35] unreadable images skipped: 0
[22:40:38] exact duplicates dropped: 22
[22:40:38] near-dup groups formed: 151525  | usable images: 151538
[22:40:38] split sizes: {'train': 121226, 'val': 15157, 'test': 15155}
[22:40:38] leakage check: groups spanning splits = 0 (must be 0)
[22:40:39] report written: C:\Users\narim\Desktop\BEE_HERo\_pipeline\splits\resplit_report.md
[22:40:39] === Option-3 re-split DONE ===
